# Health Check Evidence – FIT4110 Lab 05
# Timestamp: 2026-06-14 15:45:00 +07:00
# Stack: Docker Compose (api + db + ai-service)

## 1. API Health Check
# Command: curl http://localhost:8000/health
# Response:
{"status":"ok","service":"iot-ingestion","version":"0.5.0"}
# HTTP Status: 200 OK

## 2. AI Service Health Check
# Command: curl http://localhost:9000/health
# Response:
{"status":"ok","service":"ai-service","version":"0.5.0"}
# HTTP Status: 200 OK

## 3. Database Readiness
# Command: docker exec -it fit4110-db-lab05 pg_isready -U lab05
# Response:
/var/run/postgresql:5432 - accepting connections

## 4. Docker Compose Container Status
# Command: docker compose ps
# Output:
NAME                    IMAGE                       COMMAND                  SERVICE      STATUS                  PORTS
fit4110-ai-lab05        python:3.11-slim            "python main.py"         ai-service   Up (healthy)            9000/tcp
fit4110-api-lab05       lab-05-nguyen-tien-luc...   "sh -c 'uvicorn iot…"   api          Up (healthy)            0.0.0.0:8000->8000/tcp
fit4110-db-lab05        postgres:15-alpine           "docker-entrypoint.s…"  db           Up (healthy)            5432/tcp

## 5. Network Verification
# Command: docker network ls
# team-internal network created and all 3 containers attached.

## 6. Image Tags
# API image tagged as: v0.1.0-team-iot
# docker tag lab-05-nguyen-tien-luc-dvelop23-api:latest ghcr.io/dvelop23/lab-05-nguyen-tien-luc:v0.1.0-team-iot
